<?xml version="1.0" encoding="UTF-8"?>
<testng-results skipped="0" failed="0" total="3" passed="3">
  <reporter-output>
  </reporter-output>
  <suite name="HelloTestNgSuite" duration-ms="7869" started-at="2023-07-21T07:43:15Z" finished-at="2023-07-21T07:43:23Z">
    <groups>
    </groups>
    <test name="HelloWorldTest" duration-ms="7869" started-at="2023-07-21T07:43:15Z" finished-at="2023-07-21T07:43:23Z">
      <class name="ASAAP.PostParty">
        <test-method status="PASS" signature="PostParty()[pri:0, instance:ASAAP.PostParty@371a67ec]" name="PostParty" duration-ms="7801" started-at="2023-07-21T13:13:15Z" finished-at="2023-07-21T13:13:23Z">
          <reporter-output>
          </reporter-output>
        </test-method> <!-- PostParty -->
      </class> <!-- ASAAP.PostParty -->
      <class name="ASAAP.putParty">
        <test-method status="PASS" signature="PutParty()[pri:0, instance:ASAAP.putParty@45820e51]" name="PutParty" duration-ms="7847" started-at="2023-07-21T13:13:15Z" finished-at="2023-07-21T13:13:23Z">
          <reporter-output>
          </reporter-output>
        </test-method> <!-- PutParty -->
      </class> <!-- ASAAP.putParty -->
      <class name="ASAAP.Post_Token">
        <test-method status="PASS" signature="post_token()[pri:0, instance:ASAAP.Post_Token@5ed828d]" name="post_token" duration-ms="3588" started-at="2023-07-21T13:13:15Z" finished-at="2023-07-21T13:13:19Z">
          <reporter-output>
          </reporter-output>
        </test-method> <!-- post_token -->
      </class> <!-- ASAAP.Post_Token -->
    </test> <!-- HelloWorldTest -->
  </suite> <!-- HelloTestNgSuite -->
</testng-results>
